{"D:\\web-development\\react-app-testing\\src\\components\\Button\\index.tsx": {"path":"D:\\web-development\\react-app-testing\\src\\components\\Button\\index.tsx","statementMap":{"0":{"start":{"line":1,"column":15},"end":{"line":3,"column":1}},"1":{"start":{"line":2,"column":2},"end":{"line":2,"column":41}}},"fnMap":{"0":{"name":"(anonymous_0)","decl":{"start":{"line":1,"column":15},"end":{"line":1,"column":16}},"loc":{"start":{"line":1,"column":21},"end":{"line":3,"column":1}},"line":1}},"branchMap":{},"s":{"0":1,"1":2},"f":{"0":2},"b":{},"_coverageSchema":"1a1c01bbd47fc00a2c39e90264f33305004495a9","hash":"8824ae41ad36ca277c28196245847c2b504504c9"}
,"D:\\web-development\\react-app-testing\\src\\components\\Text\\index.tsx": {"path":"D:\\web-development\\react-app-testing\\src\\components\\Text\\index.tsx","statementMap":{"0":{"start":{"line":9,"column":13},"end":{"line":15,"column":1}},"1":{"start":{"line":10,"column":2},"end":{"line":14,"column":4}}},"fnMap":{"0":{"name":"(anonymous_0)","decl":{"start":{"line":9,"column":13},"end":{"line":9,"column":14}},"loc":{"start":{"line":9,"column":52},"end":{"line":15,"column":1}},"line":9}},"branchMap":{},"s":{"0":1,"1":4},"f":{"0":4},"b":{},"_coverageSchema":"1a1c01bbd47fc00a2c39e90264f33305004495a9","hash":"0ea3f0301f1aa6dfc9a2fb5cf9c1ee87ec4e8488"}
}
